#! /c/Source/iverilog-install/bin/vvp
:ivl_version "12.0 (devel)" "(s20150603-1539-g2693dd32b)";
:ivl_delay_selection "TYPICAL";
:vpi_time_precision + 0;
:vpi_module "D:\iverilog\lib\ivl\system.vpi";
:vpi_module "D:\iverilog\lib\ivl\vhdl_sys.vpi";
:vpi_module "D:\iverilog\lib\ivl\vhdl_textio.vpi";
:vpi_module "D:\iverilog\lib\ivl\v2005_math.vpi";
:vpi_module "D:\iverilog\lib\ivl\va_math.vpi";
S_000001e244db65b0 .scope module, "if_id" "if_id" 2 2;
 .timescale 0 0;
    .port_info 0 /INPUT 1 "clk";
    .port_info 1 /INPUT 1 "rst";
    .port_info 2 /INPUT 32 "if_addr";
    .port_info 3 /INPUT 32 "if_data";
    .port_info 4 /OUTPUT 32 "id_addr";
    .port_info 5 /OUTPUT 32 "id_data";
o000001e244ed6fa8 .functor BUFZ 1, C4<z>; HiZ drive
v000001e244db6b00_0 .net "clk", 0 0, o000001e244ed6fa8;  0 drivers
v000001e244db6740_0 .var "id_addr", 31 0;
v000001e244db67e0_0 .var "id_data", 31 0;
o000001e244ed7038 .functor BUFZ 32, C4<zzzzzzzzzzzzzzzzzzzzzzzzzzzzzzzz>; HiZ drive
v000001e244db6880_0 .net "if_addr", 31 0, o000001e244ed7038;  0 drivers
o000001e244ed7068 .functor BUFZ 32, C4<zzzzzzzzzzzzzzzzzzzzzzzzzzzzzzzz>; HiZ drive
v000001e244dbeb40_0 .net "if_data", 31 0, o000001e244ed7068;  0 drivers
o000001e244ed7098 .functor BUFZ 1, C4<z>; HiZ drive
v000001e244dbebe0_0 .net "rst", 0 0, o000001e244ed7098;  0 drivers
E_000001e244db8a80 .event posedge, v000001e244db6b00_0;
    .scope S_000001e244db65b0;
T_0 ;
    %wait E_000001e244db8a80;
    %load/vec4 v000001e244dbebe0_0;
    %cmpi/e 1, 0, 1;
    %jmp/0xz  T_0.0, 4;
    %pushi/vec4 0, 0, 32;
    %assign/vec4 v000001e244db6740_0, 0;
    %pushi/vec4 0, 0, 32;
    %assign/vec4 v000001e244db67e0_0, 0;
    %jmp T_0.1;
T_0.0 ;
    %load/vec4 v000001e244db6880_0;
    %assign/vec4 v000001e244db6740_0, 0;
    %load/vec4 v000001e244dbeb40_0;
    %assign/vec4 v000001e244db67e0_0, 0;
T_0.1 ;
    %jmp T_0;
    .thread T_0;
# The file index is used to find the file name in the following table.
:file_names 3;
    "N/A";
    "<interactive>";
    "./source/design/if_id.v";
