#! /c/Source/iverilog-install/bin/vvp
:ivl_version "12.0 (devel)" "(s20150603-1539-g2693dd32b)";
:ivl_delay_selection "TYPICAL";
:vpi_time_precision + 0;
:vpi_module "D:\iverilog\lib\ivl\system.vpi";
:vpi_module "D:\iverilog\lib\ivl\vhdl_sys.vpi";
:vpi_module "D:\iverilog\lib\ivl\vhdl_textio.vpi";
:vpi_module "D:\iverilog\lib\ivl\v2005_math.vpi";
:vpi_module "D:\iverilog\lib\ivl\va_math.vpi";
S_000001e2d90a6720 .scope module, "regfile" "regfile" 2 2;
 .timescale 0 0;
    .port_info 0 /INPUT 1 "clk";
    .port_info 1 /INPUT 1 "rst";
    .port_info 2 /INPUT 1 "we";
    .port_info 3 /INPUT 5 "waddr";
    .port_info 4 /INPUT 32 "wdata";
    .port_info 5 /INPUT 1 "re1";
    .port_info 6 /INPUT 5 "raddr1";
    .port_info 7 /OUTPUT 32 "rdata1";
    .port_info 8 /INPUT 1 "re2";
    .port_info 9 /INPUT 5 "raddr2";
    .port_info 10 /OUTPUT 32 "rdata2";
o000001e2d8febfa8 .functor BUFZ 1, C4<z>; HiZ drive
v000001e2d90a6d60_0 .net "clk", 0 0, o000001e2d8febfa8;  0 drivers
o000001e2d8febfd8 .functor BUFZ 5, C4<zzzzz>; HiZ drive
v000001e2d8fe4530_0 .net "raddr1", 4 0, o000001e2d8febfd8;  0 drivers
o000001e2d8fec008 .functor BUFZ 5, C4<zzzzz>; HiZ drive
v000001e2d8fe45d0_0 .net "raddr2", 4 0, o000001e2d8fec008;  0 drivers
v000001e2d8fe4670_0 .var "rdata1", 31 0;
v000001e2d8fe4710_0 .var "rdata2", 31 0;
o000001e2d8fec098 .functor BUFZ 1, C4<z>; HiZ drive
v000001e2d8fe47b0_0 .net "re1", 0 0, o000001e2d8fec098;  0 drivers
o000001e2d8fec0c8 .functor BUFZ 1, C4<z>; HiZ drive
v000001e2d8fe4850_0 .net "re2", 0 0, o000001e2d8fec0c8;  0 drivers
v000001e2d8fe48f0 .array "regs", 31 0, 31 0;
o000001e2d8fec6f8 .functor BUFZ 1, C4<z>; HiZ drive
v000001e2d8fe4aa0_0 .net "rst", 0 0, o000001e2d8fec6f8;  0 drivers
o000001e2d8fec728 .functor BUFZ 5, C4<zzzzz>; HiZ drive
v000001e2d8fe4b40_0 .net "waddr", 4 0, o000001e2d8fec728;  0 drivers
o000001e2d8fec758 .functor BUFZ 32, C4<zzzzzzzzzzzzzzzzzzzzzzzzzzzzzzzz>; HiZ drive
v000001e2d8fe4be0_0 .net "wdata", 31 0, o000001e2d8fec758;  0 drivers
o000001e2d8fec788 .functor BUFZ 1, C4<z>; HiZ drive
v000001e2d9033030_0 .net "we", 0 0, o000001e2d8fec788;  0 drivers
E_000001e2d90a8ee0/0 .event anyedge, v000001e2d8fe4aa0_0, v000001e2d8fe4850_0, v000001e2d8fe45d0_0, v000001e2d8fe4b40_0;
v000001e2d8fe48f0_0 .array/port v000001e2d8fe48f0, 0;
v000001e2d8fe48f0_1 .array/port v000001e2d8fe48f0, 1;
E_000001e2d90a8ee0/1 .event anyedge, v000001e2d9033030_0, v000001e2d8fe4be0_0, v000001e2d8fe48f0_0, v000001e2d8fe48f0_1;
v000001e2d8fe48f0_2 .array/port v000001e2d8fe48f0, 2;
v000001e2d8fe48f0_3 .array/port v000001e2d8fe48f0, 3;
v000001e2d8fe48f0_4 .array/port v000001e2d8fe48f0, 4;
v000001e2d8fe48f0_5 .array/port v000001e2d8fe48f0, 5;
E_000001e2d90a8ee0/2 .event anyedge, v000001e2d8fe48f0_2, v000001e2d8fe48f0_3, v000001e2d8fe48f0_4, v000001e2d8fe48f0_5;
v000001e2d8fe48f0_6 .array/port v000001e2d8fe48f0, 6;
v000001e2d8fe48f0_7 .array/port v000001e2d8fe48f0, 7;
v000001e2d8fe48f0_8 .array/port v000001e2d8fe48f0, 8;
v000001e2d8fe48f0_9 .array/port v000001e2d8fe48f0, 9;
E_000001e2d90a8ee0/3 .event anyedge, v000001e2d8fe48f0_6, v000001e2d8fe48f0_7, v000001e2d8fe48f0_8, v000001e2d8fe48f0_9;
v000001e2d8fe48f0_10 .array/port v000001e2d8fe48f0, 10;
v000001e2d8fe48f0_11 .array/port v000001e2d8fe48f0, 11;
v000001e2d8fe48f0_12 .array/port v000001e2d8fe48f0, 12;
v000001e2d8fe48f0_13 .array/port v000001e2d8fe48f0, 13;
E_000001e2d90a8ee0/4 .event anyedge, v000001e2d8fe48f0_10, v000001e2d8fe48f0_11, v000001e2d8fe48f0_12, v000001e2d8fe48f0_13;
v000001e2d8fe48f0_14 .array/port v000001e2d8fe48f0, 14;
v000001e2d8fe48f0_15 .array/port v000001e2d8fe48f0, 15;
v000001e2d8fe48f0_16 .array/port v000001e2d8fe48f0, 16;
v000001e2d8fe48f0_17 .array/port v000001e2d8fe48f0, 17;
E_000001e2d90a8ee0/5 .event anyedge, v000001e2d8fe48f0_14, v000001e2d8fe48f0_15, v000001e2d8fe48f0_16, v000001e2d8fe48f0_17;
v000001e2d8fe48f0_18 .array/port v000001e2d8fe48f0, 18;
v000001e2d8fe48f0_19 .array/port v000001e2d8fe48f0, 19;
v000001e2d8fe48f0_20 .array/port v000001e2d8fe48f0, 20;
v000001e2d8fe48f0_21 .array/port v000001e2d8fe48f0, 21;
E_000001e2d90a8ee0/6 .event anyedge, v000001e2d8fe48f0_18, v000001e2d8fe48f0_19, v000001e2d8fe48f0_20, v000001e2d8fe48f0_21;
v000001e2d8fe48f0_22 .array/port v000001e2d8fe48f0, 22;
v000001e2d8fe48f0_23 .array/port v000001e2d8fe48f0, 23;
v000001e2d8fe48f0_24 .array/port v000001e2d8fe48f0, 24;
v000001e2d8fe48f0_25 .array/port v000001e2d8fe48f0, 25;
E_000001e2d90a8ee0/7 .event anyedge, v000001e2d8fe48f0_22, v000001e2d8fe48f0_23, v000001e2d8fe48f0_24, v000001e2d8fe48f0_25;
v000001e2d8fe48f0_26 .array/port v000001e2d8fe48f0, 26;
v000001e2d8fe48f0_27 .array/port v000001e2d8fe48f0, 27;
v000001e2d8fe48f0_28 .array/port v000001e2d8fe48f0, 28;
v000001e2d8fe48f0_29 .array/port v000001e2d8fe48f0, 29;
E_000001e2d90a8ee0/8 .event anyedge, v000001e2d8fe48f0_26, v000001e2d8fe48f0_27, v000001e2d8fe48f0_28, v000001e2d8fe48f0_29;
v000001e2d8fe48f0_30 .array/port v000001e2d8fe48f0, 30;
v000001e2d8fe48f0_31 .array/port v000001e2d8fe48f0, 31;
E_000001e2d90a8ee0/9 .event anyedge, v000001e2d8fe48f0_30, v000001e2d8fe48f0_31;
E_000001e2d90a8ee0 .event/or E_000001e2d90a8ee0/0, E_000001e2d90a8ee0/1, E_000001e2d90a8ee0/2, E_000001e2d90a8ee0/3, E_000001e2d90a8ee0/4, E_000001e2d90a8ee0/5, E_000001e2d90a8ee0/6, E_000001e2d90a8ee0/7, E_000001e2d90a8ee0/8, E_000001e2d90a8ee0/9;
E_000001e2d90a8120/0 .event anyedge, v000001e2d8fe4aa0_0, v000001e2d8fe47b0_0, v000001e2d8fe4530_0, v000001e2d8fe4b40_0;
E_000001e2d90a8120/1 .event anyedge, v000001e2d9033030_0, v000001e2d8fe4be0_0, v000001e2d8fe48f0_0, v000001e2d8fe48f0_1;
E_000001e2d90a8120/2 .event anyedge, v000001e2d8fe48f0_2, v000001e2d8fe48f0_3, v000001e2d8fe48f0_4, v000001e2d8fe48f0_5;
E_000001e2d90a8120/3 .event anyedge, v000001e2d8fe48f0_6, v000001e2d8fe48f0_7, v000001e2d8fe48f0_8, v000001e2d8fe48f0_9;
E_000001e2d90a8120/4 .event anyedge, v000001e2d8fe48f0_10, v000001e2d8fe48f0_11, v000001e2d8fe48f0_12, v000001e2d8fe48f0_13;
E_000001e2d90a8120/5 .event anyedge, v000001e2d8fe48f0_14, v000001e2d8fe48f0_15, v000001e2d8fe48f0_16, v000001e2d8fe48f0_17;
E_000001e2d90a8120/6 .event anyedge, v000001e2d8fe48f0_18, v000001e2d8fe48f0_19, v000001e2d8fe48f0_20, v000001e2d8fe48f0_21;
E_000001e2d90a8120/7 .event anyedge, v000001e2d8fe48f0_22, v000001e2d8fe48f0_23, v000001e2d8fe48f0_24, v000001e2d8fe48f0_25;
E_000001e2d90a8120/8 .event anyedge, v000001e2d8fe48f0_26, v000001e2d8fe48f0_27, v000001e2d8fe48f0_28, v000001e2d8fe48f0_29;
E_000001e2d90a8120/9 .event anyedge, v000001e2d8fe48f0_30, v000001e2d8fe48f0_31;
E_000001e2d90a8120 .event/or E_000001e2d90a8120/0, E_000001e2d90a8120/1, E_000001e2d90a8120/2, E_000001e2d90a8120/3, E_000001e2d90a8120/4, E_000001e2d90a8120/5, E_000001e2d90a8120/6, E_000001e2d90a8120/7, E_000001e2d90a8120/8, E_000001e2d90a8120/9;
E_000001e2d90a85e0 .event posedge, v000001e2d90a6d60_0;
    .scope S_000001e2d90a6720;
T_0 ;
    %wait E_000001e2d90a85e0;
    %load/vec4 v000001e2d8fe4aa0_0;
    %cmpi/e 0, 0, 1;
    %jmp/0xz  T_0.0, 4;
    %load/vec4 v000001e2d9033030_0;
    %cmpi/e 1, 0, 1;
    %flag_get/vec4 4;
    %jmp/0 T_0.4, 4;
    %load/vec4 v000001e2d8fe4b40_0;
    %pushi/vec4 0, 0, 5;
    %cmp/ne;
    %flag_get/vec4 4;
    %and;
T_0.4;
    %flag_set/vec4 8;
    %jmp/0xz  T_0.2, 8;
    %load/vec4 v000001e2d8fe4be0_0;
    %load/vec4 v000001e2d8fe4b40_0;
    %pad/u 7;
    %ix/vec4 3;
    %ix/load 4, 0, 0; Constant delay
    %assign/vec4/a/d v000001e2d8fe48f0, 0, 4;
T_0.2 ;
T_0.0 ;
    %jmp T_0;
    .thread T_0;
    .scope S_000001e2d90a6720;
T_1 ;
    %wait E_000001e2d90a8120;
    %load/vec4 v000001e2d8fe4aa0_0;
    %cmpi/e 1, 0, 1;
    %jmp/0xz  T_1.0, 4;
    %pushi/vec4 0, 0, 32;
    %assign/vec4 v000001e2d8fe4670_0, 0;
    %jmp T_1.1;
T_1.0 ;
    %load/vec4 v000001e2d8fe47b0_0;
    %cmpi/e 1, 0, 1;
    %jmp/0xz  T_1.2, 4;
    %load/vec4 v000001e2d8fe4530_0;
    %load/vec4 v000001e2d8fe4b40_0;
    %cmp/e;
    %flag_get/vec4 4;
    %jmp/0 T_1.6, 4;
    %load/vec4 v000001e2d9033030_0;
    %pushi/vec4 1, 0, 1;
    %cmp/e;
    %flag_get/vec4 4;
    %and;
T_1.6;
    %flag_set/vec4 8;
    %jmp/0xz  T_1.4, 8;
    %load/vec4 v000001e2d8fe4be0_0;
    %assign/vec4 v000001e2d8fe4670_0, 0;
    %jmp T_1.5;
T_1.4 ;
    %load/vec4 v000001e2d8fe4530_0;
    %pad/u 7;
    %ix/vec4 4;
    %load/vec4a v000001e2d8fe48f0, 4;
    %assign/vec4 v000001e2d8fe4670_0, 0;
T_1.5 ;
    %jmp T_1.3;
T_1.2 ;
    %pushi/vec4 0, 0, 32;
    %assign/vec4 v000001e2d8fe4670_0, 0;
T_1.3 ;
T_1.1 ;
    %jmp T_1;
    .thread T_1, $push;
    .scope S_000001e2d90a6720;
T_2 ;
    %wait E_000001e2d90a8ee0;
    %load/vec4 v000001e2d8fe4aa0_0;
    %cmpi/e 1, 0, 1;
    %jmp/0xz  T_2.0, 4;
    %pushi/vec4 0, 0, 32;
    %assign/vec4 v000001e2d8fe4710_0, 0;
    %jmp T_2.1;
T_2.0 ;
    %load/vec4 v000001e2d8fe4850_0;
    %cmpi/e 1, 0, 1;
    %jmp/0xz  T_2.2, 4;
    %load/vec4 v000001e2d8fe45d0_0;
    %load/vec4 v000001e2d8fe4b40_0;
    %cmp/e;
    %flag_get/vec4 4;
    %jmp/0 T_2.6, 4;
    %load/vec4 v000001e2d9033030_0;
    %pushi/vec4 1, 0, 1;
    %cmp/e;
    %flag_get/vec4 4;
    %and;
T_2.6;
    %flag_set/vec4 8;
    %jmp/0xz  T_2.4, 8;
    %load/vec4 v000001e2d8fe4be0_0;
    %assign/vec4 v000001e2d8fe4710_0, 0;
    %jmp T_2.5;
T_2.4 ;
    %load/vec4 v000001e2d8fe45d0_0;
    %pad/u 7;
    %ix/vec4 4;
    %load/vec4a v000001e2d8fe48f0, 4;
    %assign/vec4 v000001e2d8fe4710_0, 0;
T_2.5 ;
    %jmp T_2.3;
T_2.2 ;
    %pushi/vec4 0, 0, 32;
    %assign/vec4 v000001e2d8fe4710_0, 0;
T_2.3 ;
T_2.1 ;
    %jmp T_2;
    .thread T_2, $push;
# The file index is used to find the file name in the following table.
:file_names 3;
    "N/A";
    "<interactive>";
    "./source/design/regfile.v";
